TN:
SF:/home/guimica/Documentos/projetos/picpay-desafio-frontend/src/polyfills.ts
FNF:0
FNH:0
LF:0
LH:0
BRF:0
BRH:0
end_of_record
TN:
SF:/home/guimica/Documentos/projetos/picpay-desafio-frontend/src/test.ts
FNF:0
FNH:0
DA:13,1
DA:18,1
DA:20,1
LF:3
LH:3
BRF:0
BRH:0
end_of_record
TN:
SF:/home/guimica/Documentos/projetos/picpay-desafio-frontend/src/app/app.component.ts
FN:16,(anonymous_0)
FN:18,(anonymous_1)
FN:22,(anonymous_2)
FN:24,(anonymous_3)
FN:30,(anonymous_4)
FNF:5
FNH:0
FNDA:0,(anonymous_0)
FNDA:0,(anonymous_1)
FNDA:0,(anonymous_2)
FNDA:0,(anonymous_3)
FNDA:0,(anonymous_4)
DA:11,1
DA:12,0
DA:14,0
DA:16,0
DA:19,0
DA:23,0
DA:24,0
DA:25,0
DA:26,0
DA:31,0
LF:10
LH:1
BRF:0
BRH:0
end_of_record
TN:
SF:/home/guimica/Documentos/projetos/picpay-desafio-frontend/src/app/app.service.ts
FN:15,(anonymous_0)
FN:24,(anonymous_1)
FN:30,(anonymous_2)
FN:37,(anonymous_3)
FNF:4
FNH:0
FNDA:0,(anonymous_0)
FNDA:0,(anonymous_1)
FNDA:0,(anonymous_2)
FNDA:0,(anonymous_3)
DA:12,1
DA:13,0
DA:15,0
DA:17,0
DA:25,0
DA:31,0
DA:32,0
DA:33,0
DA:34,0
DA:38,0
DA:39,0
DA:40,0
DA:42,0
DA:44,0
DA:45,0
LF:15
LH:1
BRDA:39,0,0,0
BRDA:39,0,1,0
BRF:2
BRH:0
end_of_record
TN:
SF:/home/guimica/Documentos/projetos/picpay-desafio-frontend/src/components/header/header.component.ts
FN:11,(anonymous_0)
FNF:1
FNH:1
FNDA:1,(anonymous_0)
DA:8,1
DA:9,1
DA:10,1
LF:3
LH:3
BRF:0
BRH:0
end_of_record
TN:
SF:/home/guimica/Documentos/projetos/picpay-desafio-frontend/src/components/modal-payment/modal-payment.component.ts
FN:24,(anonymous_0)
FN:36,(anonymous_1)
FN:43,(anonymous_2)
FN:57,(anonymous_3)
FN:66,(anonymous_4)
FN:69,(anonymous_5)
FN:81,(anonymous_6)
FN:87,(anonymous_7)
FNF:8
FNH:0
FNDA:0,(anonymous_0)
FNDA:0,(anonymous_1)
FNDA:0,(anonymous_2)
FNDA:0,(anonymous_3)
FNDA:0,(anonymous_4)
FNDA:0,(anonymous_5)
FNDA:0,(anonymous_6)
FNDA:0,(anonymous_7)
DA:14,1
DA:18,0
DA:23,0
DA:25,0
DA:26,0
DA:27,0
DA:29,0
DA:30,0
DA:31,0
DA:32,0
DA:37,0
DA:44,0
DA:56,0
DA:57,0
DA:58,0
DA:63,0
DA:67,0
DA:68,0
DA:70,0
DA:71,0
DA:72,0
DA:73,0
DA:75,0
DA:78,0
DA:82,0
DA:88,0
LF:26
LH:1
BRDA:29,0,0,0
BRDA:29,0,1,0
BRDA:70,1,0,0
BRDA:70,1,1,0
BRDA:72,2,0,0
BRDA:72,2,1,0
BRDA:72,3,0,0
BRDA:72,3,1,0
BRF:8
BRH:0
end_of_record
TN:
SF:/home/guimica/Documentos/projetos/picpay-desafio-frontend/src/components/modal-payment/modal-payment.service.ts
FN:14,(anonymous_0)
FN:24,(anonymous_1)
FN:46,(anonymous_2)
FNF:3
FNH:0
FNDA:0,(anonymous_0)
FNDA:0,(anonymous_1)
FNDA:0,(anonymous_2)
DA:11,1
DA:12,0
DA:14,0
DA:16,0
DA:31,0
DA:47,0
DA:48,0
DA:49,0
DA:51,0
DA:53,0
DA:54,0
LF:11
LH:1
BRDA:48,0,0,0
BRDA:48,0,1,0
BRF:2
BRH:0
end_of_record
TN:
SF:/home/guimica/Documentos/projetos/picpay-desafio-frontend/src/components/spinner/spinner.component.ts
FN:10,(anonymous_0)
FNF:1
FNH:0
FNDA:0,(anonymous_0)
DA:8,1
DA:9,1
LF:2
LH:2
BRF:0
BRH:0
end_of_record
